2022-09-28 01:07:45,180 INFO: 
  name: ESPCN_x3
  model_type: IRModel
  scale: 3
  num_gpu: 1
  manual_seed: 10
  datasets:[
    train:[
      name: DIV2K
      type: PairedImageDataset
      dataroot_gt: datasets/DIV2K/train/HR/subs.lmdb
      dataroot_lq: datasets/DIV2K/train/LR/bicubic/X3/subs.lmdb
      filename_tmpl: {}
      io_backend:[
        type: lmdb
      ]
      lq_size: 64
      use_hflip: True
      use_vflip: True
      use_rot: True
      use_channels_shuffle: True
      use_shuffle: True
      num_worker_per_gpu: 12
      batch_size_per_gpu: 32
      dataset_enlarge_ratio: 10
      prefetch_mode: None
      phase: train
      scale: 3
    ]
    val:[
      name: Set5
      type: PairedImageDataset
      dataroot_gt: datasets/Set5/GTmod12
      dataroot_lq: datasets/Set5/LRbicx3
      io_backend:[
        type: disk
      ]
      phase: val
      scale: 3
    ]
  ]
  network_g:[
    type: ESPCN
    colors: 3
    upscale: 3
  ]
  train:[
    ema_decay: 0.999
    optim_g:[
      type: Adam
      lr: 0.0005
      weight_decay: 0
      betas: [0.9, 0.99]
    ]
    scheduler:[
      type: MultiStepLR
      milestones: [1600000]
      gamma: 1
    ]
    total_iter: 1600000
    losses:[
      L1Loss:[
        type: L1Loss
        loss_weight: 1.0
        reduction: mean
      ]
    ]
  ]
  val:[
    val_freq: 5000.0
    save_img: False
    pbar: True
    metrics:[
      psnr:[
        type: calculate_psnr
        crop_border: 3
        test_y_channel: True
      ]
      ssim:[
        type: calculate_ssim
        crop_border: 3
        test_y_channel: True
      ]
    ]
  ]
  logger:[
    print_freq: 100
    save_checkpoint_freq: 5000.0
    use_tb_logger: True
  ]
  lark: None
  dist: False
  rank: 0
  world_size: 1
  auto_resume: False
  is_train: True
  resume:[
  ]
  path:[
    experiments_root: experiments/ESPCN_x3
    models: experiments/ESPCN_x3/models
    training_states: experiments/ESPCN_x3/training_states
    log: experiments/ESPCN_x3
    visualization: experiments/ESPCN_x3/visualization
  ]

2022-09-28 01:07:45,714 INFO: Dataset [PairedImageDataset] - DIV2K is built.
2022-09-28 01:07:45,729 INFO: Training statistics:
	Number of train images: 32592
	Dataset enlarge ratio: 10
	Batch size per gpu: 32
	World size (gpu number): 1
	Require iter number per epoch: 10185
	Total epochs: 158; iters: 1600000.
2022-09-28 01:07:45,730 INFO: Dataset [PairedImageDataset] - Set5 is built.
2022-09-28 01:07:45,730 INFO: Number of val images/folders in Set5: 5
2022-09-28 01:07:45,732 INFO: Network [ESPCN] is created.
2022-09-28 01:07:53,604 INFO: ESPCN(
  (conv1): Conv2d(3, 64, kernel_size=(5, 5), stride=(1, 1), padding=(2, 2))
  (conv2): Conv2d(64, 32, kernel_size=(3, 3), stride=(1, 1), padding=(1, 1))
  (conv3): Conv2d(32, 27, kernel_size=(3, 3), stride=(1, 1), padding=(1, 1))
  (pixel_shuffle): PixelShuffle(upscale_factor=3)
)
2022-09-28 01:07:53,796 INFO: Network: ESPCN, with parameters: 31131
2022-09-28 01:07:53,796 INFO: Use Exponential Moving Average with decay: 0.999
2022-09-28 01:07:53,797 INFO: Network [ESPCN] is created.
2022-09-28 01:07:53,810 INFO: Loss [L1Loss] is created.
2022-09-28 01:07:53,811 INFO: Model [IRModel] is created.
2022-09-28 01:07:54,820 INFO: Start training from epoch: 0, iter: 0
2022-09-28 01:09:27,210 INFO: [ESPCN..][epoch:  0, iter:     100, lr:(5.000e-04,)] [eta: 12 days, 10:32:51, time (data): 0.677 (0.552)] L1Loss: 5.9044e-02 
2022-09-28 01:14:31,357 INFO: [ESPCN..][epoch:  0, iter:     200, lr:(5.000e-04,)] [eta: 34 days, 6:26:32, time (data): 1.859 (1.729)] L1Loss: 5.4753e-02 
2022-09-28 01:20:20,001 INFO: [ESPCN..][epoch:  0, iter:     300, lr:(5.000e-04,)] [eta: 44 days, 7:52:03, time (data): 3.506 (3.500)] L1Loss: 5.4359e-02 
2022-09-28 01:26:29,963 INFO: [ESPCN..][epoch:  0, iter:     400, lr:(5.000e-04,)] [eta: 50 days, 8:27:18, time (data): 3.598 (3.592)] L1Loss: 4.9596e-02 
2022-09-28 01:37:56,627 INFO: [ESPCN..][epoch:  0, iter:     500, lr:(5.000e-04,)] [eta: 65 days, 16:08:42, time (data): 6.927 (6.921)] L1Loss: 4.0340e-02 
2022-09-28 01:54:58,067 INFO: [ESPCN..][epoch:  0, iter:     600, lr:(5.000e-04,)] [eta: 86 days, 4:53:19, time (data): 8.582 (8.575)] L1Loss: 4.5412e-02 
2022-09-28 02:21:14,654 INFO: [ESPCN..][epoch:  0, iter:     700, lr:(5.000e-04,)] [eta: 115 days, 12:47:08, time (data): 14.624 (14.617)] L1Loss: 4.9994e-02 
2022-09-28 02:37:53,967 INFO: [ESPCN..][epoch:  0, iter:     800, lr:(5.000e-04,)] [eta: 124 days, 4:40:17, time (data): 12.268 (12.260)] L1Loss: 4.4787e-02 
2022-09-28 02:43:17,696 INFO: [ESPCN..][epoch:  0, iter:     900, lr:(5.000e-04,)] [eta: 117 days, 1:17:11, time (data): 3.320 (3.305)] L1Loss: 4.0974e-02 
2022-09-28 02:48:59,071 INFO: [ESPCN..][epoch:  0, iter:   1,000, lr:(5.000e-04,)] [eta: 111 days, 15:57:23, time (data): 3.366 (3.352)] L1Loss: 4.4271e-02 
2022-09-28 02:55:12,797 INFO: [ESPCN..][epoch:  0, iter:   1,100, lr:(5.000e-04,)] [eta: 107 days, 19:09:08, time (data): 3.570 (3.559)] L1Loss: 4.2788e-02 
2022-09-28 03:00:47,454 INFO: [ESPCN..][epoch:  0, iter:   1,200, lr:(5.000e-04,)] [eta: 103 days, 23:20:18, time (data): 3.452 (3.440)] L1Loss: 3.9123e-02 
2022-09-28 03:06:51,726 INFO: [ESPCN..][epoch:  0, iter:   1,300, lr:(5.000e-04,)] [eta: 101 days, 3:43:59, time (data): 3.395 (3.382)] L1Loss: 4.6782e-02 
2022-09-28 03:17:36,078 INFO: [ESPCN..][epoch:  0, iter:   1,400, lr:(5.000e-04,)] [eta: 102 days, 10:32:14, time (data): 4.963 (4.949)] L1Loss: 4.2465e-02 
2022-09-28 03:24:53,072 INFO: [ESPCN..][epoch:  0, iter:   1,500, lr:(5.000e-04,)] [eta: 100 days, 23:52:22, time (data): 3.943 (3.926)] L1Loss: 4.3297e-02 
2022-09-28 03:34:14,973 INFO: [ESPCN..][epoch:  0, iter:   1,600, lr:(5.000e-04,)] [eta: 101 days, 4:09:47, time (data): 4.808 (4.791)] L1Loss: 3.3641e-02 
2022-09-28 03:41:25,054 INFO: [ESPCN..][epoch:  0, iter:   1,700, lr:(5.000e-04,)] [eta: 99 days, 21:31:29, time (data): 4.408 (4.387)] L1Loss: 3.3409e-02 
2022-09-28 03:48:06,387 INFO: [ESPCN..][epoch:  0, iter:   1,800, lr:(5.000e-04,)] [eta: 98 days, 11:11:22, time (data): 4.200 (4.180)] L1Loss: 4.1340e-02 
2022-09-28 03:55:06,174 INFO: [ESPCN..][epoch:  0, iter:   1,900, lr:(5.000e-04,)] [eta: 97 days, 8:45:50, time (data): 4.177 (4.159)] L1Loss: 3.3857e-02 
2022-09-28 04:02:33,384 INFO: [ESPCN..][epoch:  0, iter:   2,000, lr:(5.000e-04,)] [eta: 96 days, 15:03:05, time (data): 4.326 (4.307)] L1Loss: 3.6552e-02 
2022-09-28 04:10:44,617 INFO: [ESPCN..][epoch:  0, iter:   2,100, lr:(5.000e-04,)] [eta: 96 days, 8:18:48, time (data): 5.053 (5.033)] L1Loss: 3.0822e-02 
2022-09-28 04:19:49,953 INFO: [ESPCN..][epoch:  0, iter:   2,200, lr:(5.000e-04,)] [eta: 96 days, 13:05:06, time (data): 5.256 (5.237)] L1Loss: 3.3029e-02 
2022-09-28 04:28:32,191 INFO: [ESPCN..][epoch:  0, iter:   2,300, lr:(5.000e-04,)] [eta: 96 days, 12:58:26, time (data): 5.244 (5.223)] L1Loss: 3.0856e-02 
2022-09-28 04:36:48,712 INFO: [ESPCN..][epoch:  0, iter:   2,400, lr:(5.000e-04,)] [eta: 96 days, 8:06:24, time (data): 5.088 (5.069)] L1Loss: 2.7565e-02 
2022-09-28 04:45:18,979 INFO: [ESPCN..][epoch:  0, iter:   2,500, lr:(5.000e-04,)] [eta: 96 days, 6:03:24, time (data): 4.889 (4.870)] L1Loss: 3.7034e-02 
2022-09-28 04:54:52,226 INFO: [ESPCN..][epoch:  0, iter:   2,600, lr:(5.000e-04,)] [eta: 96 days, 14:53:51, time (data): 5.333 (5.313)] L1Loss: 3.2886e-02 
2022-09-28 05:04:01,559 INFO: [ESPCN..][epoch:  0, iter:   2,700, lr:(5.000e-04,)] [eta: 96 days, 19:08:37, time (data): 5.469 (5.448)] L1Loss: 3.9892e-02 
2022-09-28 05:10:46,671 INFO: [ESPCN..][epoch:  0, iter:   2,800, lr:(5.000e-04,)] [eta: 96 days, 0:13:53, time (data): 4.707 (4.685)] L1Loss: 3.2605e-02 
2022-09-28 05:17:29,363 INFO: [ESPCN..][epoch:  0, iter:   2,900, lr:(5.000e-04,)] [eta: 95 days, 6:14:43, time (data): 3.810 (3.797)] L1Loss: 3.5627e-02 
2022-09-28 05:24:04,568 INFO: [ESPCN..][epoch:  0, iter:   3,000, lr:(5.000e-04,)] [eta: 94 days, 12:20:38, time (data): 3.881 (3.868)] L1Loss: 2.9871e-02 
2022-09-28 05:30:02,039 INFO: [ESPCN..][epoch:  0, iter:   3,100, lr:(5.000e-04,)] [eta: 93 days, 14:11:31, time (data): 3.701 (3.689)] L1Loss: 3.3926e-02 
2022-09-28 05:37:24,343 INFO: [ESPCN..][epoch:  0, iter:   3,200, lr:(5.000e-04,)] [eta: 93 days, 5:10:24, time (data): 4.087 (4.073)] L1Loss: 3.3772e-02 
2022-09-28 05:46:24,427 INFO: [ESPCN..][epoch:  0, iter:   3,300, lr:(5.000e-04,)] [eta: 93 days, 9:49:53, time (data): 5.435 (5.424)] L1Loss: 3.2645e-02 
2022-09-28 05:53:30,123 INFO: [ESPCN..][epoch:  0, iter:   3,400, lr:(5.000e-04,)] [eta: 92 days, 23:17:24, time (data): 4.793 (4.783)] L1Loss: 3.7023e-02 
2022-09-28 06:06:41,857 INFO: [ESPCN..][epoch:  0, iter:   3,500, lr:(5.000e-04,)] [eta: 94 days, 11:42:37, time (data): 8.717 (8.702)] L1Loss: 3.2230e-02 
2022-09-28 06:17:09,473 INFO: [ESPCN..][epoch:  0, iter:   3,600, lr:(5.000e-04,)] [eta: 95 days, 1:53:08, time (data): 7.379 (7.361)] L1Loss: 3.0066e-02 
2022-09-28 06:25:58,127 INFO: [ESPCN..][epoch:  0, iter:   3,700, lr:(5.000e-04,)] [eta: 95 days, 3:25:43, time (data): 5.586 (5.567)] L1Loss: 3.4631e-02 
2022-09-28 06:36:11,860 INFO: [ESPCN..][epoch:  0, iter:   3,800, lr:(5.000e-04,)] [eta: 95 days, 14:48:25, time (data): 5.884 (5.865)] L1Loss: 3.6586e-02 
2022-09-28 06:47:13,506 INFO: [ESPCN..][epoch:  0, iter:   3,900, lr:(5.000e-04,)] [eta: 96 days, 7:02:20, time (data): 5.795 (5.773)] L1Loss: 3.5112e-02 
2022-09-28 06:56:43,317 INFO: [ESPCN..][epoch:  0, iter:   4,000, lr:(5.000e-04,)] [eta: 96 days, 12:16:28, time (data): 5.737 (5.716)] L1Loss: 2.8764e-02 
2022-09-28 07:06:41,639 INFO: [ESPCN..][epoch:  0, iter:   4,100, lr:(5.000e-04,)] [eta: 96 days, 20:19:44, time (data): 5.614 (5.595)] L1Loss: 3.1305e-02 
2022-09-28 07:16:14,455 INFO: [ESPCN..][epoch:  0, iter:   4,200, lr:(5.000e-04,)] [eta: 97 days, 1:18:02, time (data): 5.672 (5.653)] L1Loss: 2.8551e-02 
2022-09-28 07:26:02,936 INFO: [ESPCN..][epoch:  0, iter:   4,300, lr:(5.000e-04,)] [eta: 97 days, 7:38:54, time (data): 6.257 (6.239)] L1Loss: 3.1761e-02 
2022-09-28 07:35:30,754 INFO: [ESPCN..][epoch:  0, iter:   4,400, lr:(5.000e-04,)] [eta: 97 days, 11:37:08, time (data): 5.929 (5.911)] L1Loss: 3.1236e-02 
2022-09-28 07:44:30,903 INFO: [ESPCN..][epoch:  0, iter:   4,500, lr:(5.000e-04,)] [eta: 97 days, 12:40:54, time (data): 5.602 (5.584)] L1Loss: 2.4226e-02 
2022-09-28 07:54:14,497 INFO: [ESPCN..][epoch:  0, iter:   4,600, lr:(5.000e-04,)] [eta: 97 days, 17:52:35, time (data): 5.729 (5.710)] L1Loss: 2.5740e-02 
2022-09-28 08:04:42,231 INFO: [ESPCN..][epoch:  0, iter:   4,700, lr:(5.000e-04,)] [eta: 98 days, 3:00:14, time (data): 6.141 (6.123)] L1Loss: 2.5923e-02 
2022-09-28 08:15:40,690 INFO: [ESPCN..][epoch:  0, iter:   4,800, lr:(5.000e-04,)] [eta: 98 days, 14:34:47, time (data): 6.386 (6.367)] L1Loss: 2.9898e-02 
2022-09-28 08:24:39,289 INFO: [ESPCN..][epoch:  0, iter:   4,900, lr:(5.000e-04,)] [eta: 98 days, 14:50:23, time (data): 5.212 (5.193)] L1Loss: 2.7591e-02 
2022-09-28 08:35:16,038 INFO: [ESPCN..][epoch:  0, iter:   5,000, lr:(5.000e-04,)] [eta: 98 days, 23:46:44, time (data): 5.868 (5.848)] L1Loss: 2.4561e-02 
2022-09-28 08:35:16,728 INFO: Saving models and training states.
2022-09-28 08:37:42,600 INFO: Validation [epoch 5000] Set5
	 # psnr: 30.3200	Best: 30.3200 @ 5000 iter
	 # ssim: 0.8803	Best: 0.8803 @ 5000 iter

2022-09-28 08:46:54,329 INFO: [ESPCN..][epoch:  0, iter:   5,100, lr:(5.000e-04,)] [eta: 99 days, 13:42:19, time (data): 6.356 (6.335)] L1Loss: 3.2293e-02 
2022-09-28 08:58:09,642 INFO: [ESPCN..][epoch:  0, iter:   5,200, lr:(5.000e-04,)] [eta: 100 days, 1:07:54, time (data): 6.580 (6.560)] L1Loss: 2.7312e-02 
2022-09-28 09:09:24,620 INFO: [ESPCN..][epoch:  0, iter:   5,300, lr:(5.000e-04,)] [eta: 100 days, 12:05:31, time (data): 7.411 (7.392)] L1Loss: 2.9595e-02 
2022-09-28 09:20:42,970 INFO: [ESPCN..][epoch:  0, iter:   5,400, lr:(5.000e-04,)] [eta: 100 days, 22:54:57, time (data): 7.048 (7.028)] L1Loss: 2.7155e-02 
2022-09-28 09:30:55,967 INFO: [ESPCN..][epoch:  0, iter:   5,500, lr:(5.000e-04,)] [eta: 101 days, 4:04:39, time (data): 6.687 (6.669)] L1Loss: 3.1847e-02 
2022-09-28 09:41:04,286 INFO: [ESPCN..][epoch:  0, iter:   5,600, lr:(5.000e-04,)] [eta: 101 days, 8:40:44, time (data): 6.336 (6.316)] L1Loss: 2.5550e-02 
2022-09-28 09:52:30,099 INFO: [ESPCN..][epoch:  0, iter:   5,700, lr:(5.000e-04,)] [eta: 101 days, 19:07:58, time (data): 5.833 (5.812)] L1Loss: 2.7171e-02 
2022-09-28 10:02:16,153 INFO: [ESPCN..][epoch:  0, iter:   5,800, lr:(5.000e-04,)] [eta: 101 days, 21:36:15, time (data): 5.844 (5.824)] L1Loss: 2.8489e-02 
2022-09-28 10:11:44,179 INFO: [ESPCN..][epoch:  0, iter:   5,900, lr:(5.000e-04,)] [eta: 101 days, 22:38:01, time (data): 5.780 (5.760)] L1Loss: 2.5216e-02 
2022-09-28 10:23:20,226 INFO: [ESPCN..][epoch:  0, iter:   6,000, lr:(5.000e-04,)] [eta: 102 days, 9:04:09, time (data): 6.467 (6.449)] L1Loss: 3.0348e-02 
2022-09-28 10:27:21,614 INFO: [ESPCN..][epoch:  0, iter:   6,100, lr:(5.000e-04,)] [eta: 101 days, 10:09:43, time (data): 2.057 (2.037)] L1Loss: 2.7031e-02 
2022-09-28 10:29:59,693 INFO: [ESPCN..][epoch:  0, iter:   6,200, lr:(5.000e-04,)] [eta: 100 days, 6:02:36, time (data): 1.777 (1.756)] L1Loss: 2.7751e-02 
2022-09-28 10:35:25,392 INFO: [ESPCN..][epoch:  0, iter:   6,300, lr:(5.000e-04,)] [eta: 99 days, 14:35:34, time (data): 3.626 (3.604)] L1Loss: 2.8218e-02 
2022-09-28 10:39:25,293 INFO: [ESPCN..][epoch:  0, iter:   6,400, lr:(5.000e-04,)] [eta: 98 days, 17:41:18, time (data): 2.896 (2.875)] L1Loss: 3.0426e-02 
2022-09-28 10:42:32,203 INFO: [ESPCN..][epoch:  0, iter:   6,500, lr:(5.000e-04,)] [eta: 97 days, 17:49:02, time (data): 1.831 (1.811)] L1Loss: 2.7732e-02 
2022-09-28 10:46:52,703 INFO: [ESPCN..][epoch:  0, iter:   6,600, lr:(5.000e-04,)] [eta: 96 days, 23:36:07, time (data): 2.290 (2.269)] L1Loss: 2.7538e-02 
2022-09-28 10:50:49,948 INFO: [ESPCN..][epoch:  0, iter:   6,700, lr:(5.000e-04,)] [eta: 96 days, 4:23:32, time (data): 2.366 (2.345)] L1Loss: 2.4352e-02 
2022-09-28 10:54:54,917 INFO: [ESPCN..][epoch:  0, iter:   6,800, lr:(5.000e-04,)] [eta: 95 days, 10:14:54, time (data): 2.413 (2.392)] L1Loss: 2.8358e-02 
2022-09-28 10:58:50,368 INFO: [ESPCN..][epoch:  0, iter:   6,900, lr:(5.000e-04,)] [eta: 94 days, 16:01:04, time (data): 2.373 (2.353)] L1Loss: 2.9636e-02 
2022-09-28 11:03:27,431 INFO: [ESPCN..][epoch:  0, iter:   7,000, lr:(5.000e-04,)] [eta: 94 days, 0:56:10, time (data): 2.610 (2.590)] L1Loss: 2.7699e-02 
2022-09-28 11:08:06,861 INFO: [ESPCN..][epoch:  0, iter:   7,100, lr:(5.000e-04,)] [eta: 93 days, 10:25:29, time (data): 2.944 (2.924)] L1Loss: 3.2610e-02 
2022-09-28 11:12:58,807 INFO: [ESPCN..][epoch:  0, iter:   7,200, lr:(5.000e-04,)] [eta: 92 days, 21:05:00, time (data): 2.923 (2.903)] L1Loss: 2.8077e-02 
2022-09-28 11:18:05,353 INFO: [ESPCN..][epoch:  0, iter:   7,300, lr:(5.000e-04,)] [eta: 92 days, 8:59:23, time (data): 3.394 (3.373)] L1Loss: 2.3029e-02 
2022-09-28 11:22:39,742 INFO: [ESPCN..][epoch:  0, iter:   7,400, lr:(5.000e-04,)] [eta: 91 days, 19:17:54, time (data): 2.997 (2.976)] L1Loss: 3.0913e-02 
2022-09-28 11:27:10,545 INFO: [ESPCN..][epoch:  0, iter:   7,500, lr:(5.000e-04,)] [eta: 91 days, 5:45:31, time (data): 2.221 (2.201)] L1Loss: 3.3671e-02 
2022-09-28 11:31:42,801 INFO: [ESPCN..][epoch:  0, iter:   7,600, lr:(5.000e-04,)] [eta: 90 days, 16:39:29, time (data): 2.521 (2.500)] L1Loss: 2.9011e-02 
2022-09-28 11:35:56,439 INFO: [ESPCN..][epoch:  0, iter:   7,700, lr:(5.000e-04,)] [eta: 90 days, 2:49:34, time (data): 2.553 (2.532)] L1Loss: 2.4337e-02 
2022-09-28 11:40:19,632 INFO: [ESPCN..][epoch:  0, iter:   7,800, lr:(5.000e-04,)] [eta: 89 days, 13:53:19, time (data): 2.596 (2.576)] L1Loss: 2.4829e-02 
2022-09-28 11:44:23,103 INFO: [ESPCN..][epoch:  0, iter:   7,900, lr:(5.000e-04,)] [eta: 89 days, 0:10:23, time (data): 2.514 (2.493)] L1Loss: 2.7667e-02 
2022-09-28 11:48:28,351 INFO: [ESPCN..][epoch:  0, iter:   8,000, lr:(5.000e-04,)] [eta: 88 days, 10:53:48, time (data): 2.469 (2.450)] L1Loss: 2.8345e-02 
2022-09-28 11:52:57,069 INFO: [ESPCN..][epoch:  0, iter:   8,100, lr:(5.000e-04,)] [eta: 87 days, 23:13:40, time (data): 2.389 (2.367)] L1Loss: 2.3874e-02 
2022-09-28 11:57:45,505 INFO: [ESPCN..][epoch:  0, iter:   8,200, lr:(5.000e-04,)] [eta: 87 days, 12:54:16, time (data): 2.695 (2.675)] L1Loss: 2.9039e-02 
2022-09-28 12:01:52,526 INFO: [ESPCN..][epoch:  0, iter:   8,300, lr:(5.000e-04,)] [eta: 87 days, 0:37:20, time (data): 2.736 (2.717)] L1Loss: 2.6470e-02 
2022-09-28 12:05:55,317 INFO: [ESPCN..][epoch:  0, iter:   8,400, lr:(5.000e-04,)] [eta: 86 days, 12:24:29, time (data): 2.536 (2.517)] L1Loss: 2.6316e-02 
2022-09-28 12:10:09,948 INFO: [ESPCN..][epoch:  0, iter:   8,500, lr:(5.000e-04,)] [eta: 86 days, 1:05:44, time (data): 2.370 (2.350)] L1Loss: 2.6803e-02 
2022-09-28 12:14:11,315 INFO: [ESPCN..][epoch:  0, iter:   8,600, lr:(5.000e-04,)] [eta: 85 days, 13:21:45, time (data): 2.394 (2.376)] L1Loss: 3.3987e-02 
2022-09-28 12:19:06,061 INFO: [ESPCN..][epoch:  0, iter:   8,700, lr:(5.000e-04,)] [eta: 85 days, 4:36:34, time (data): 2.260 (2.239)] L1Loss: 2.9854e-02 
2022-09-28 12:23:03,692 INFO: [ESPCN..][epoch:  0, iter:   8,800, lr:(5.000e-04,)] [eta: 84 days, 17:11:06, time (data): 2.330 (2.309)] L1Loss: 1.9985e-02 
2022-09-28 12:27:06,823 INFO: [ESPCN..][epoch:  0, iter:   8,900, lr:(5.000e-04,)] [eta: 84 days, 6:17:20, time (data): 2.718 (2.699)] L1Loss: 3.7224e-02 
2022-09-28 12:31:25,436 INFO: [ESPCN..][epoch:  0, iter:   9,000, lr:(5.000e-04,)] [eta: 83 days, 20:23:37, time (data): 2.630 (2.610)] L1Loss: 2.5287e-02 
2022-09-28 12:36:03,958 INFO: [ESPCN..][epoch:  0, iter:   9,100, lr:(5.000e-04,)] [eta: 83 days, 11:40:51, time (data): 2.560 (2.539)] L1Loss: 2.4530e-02 
2022-09-28 12:40:57,446 INFO: [ESPCN..][epoch:  0, iter:   9,200, lr:(5.000e-04,)] [eta: 83 days, 3:52:29, time (data): 2.798 (2.778)] L1Loss: 2.9705e-02 
2022-09-28 12:45:55,751 INFO: [ESPCN..][epoch:  0, iter:   9,300, lr:(5.000e-04,)] [eta: 82 days, 20:27:48, time (data): 3.110 (3.091)] L1Loss: 2.5706e-02 
2022-09-28 12:50:23,332 INFO: [ESPCN..][epoch:  0, iter:   9,400, lr:(5.000e-04,)] [eta: 82 days, 11:45:51, time (data): 2.822 (2.801)] L1Loss: 2.6464e-02 
2022-09-28 12:55:05,884 INFO: [ESPCN..][epoch:  0, iter:   9,500, lr:(5.000e-04,)] [eta: 82 days, 3:56:33, time (data): 2.841 (2.821)] L1Loss: 2.4275e-02 
2022-09-28 12:59:10,745 INFO: [ESPCN..][epoch:  0, iter:   9,600, lr:(5.000e-04,)] [eta: 81 days, 18:32:52, time (data): 2.579 (2.558)] L1Loss: 2.7030e-02 
2022-09-28 13:04:16,513 INFO: [ESPCN..][epoch:  0, iter:   9,700, lr:(5.000e-04,)] [eta: 81 days, 12:07:08, time (data): 2.770 (2.750)] L1Loss: 3.0533e-02 
2022-09-28 13:09:06,363 INFO: [ESPCN..][epoch:  0, iter:   9,800, lr:(5.000e-04,)] [eta: 81 days, 5:06:07, time (data): 2.849 (2.829)] L1Loss: 2.7150e-02 
2022-09-28 13:13:29,656 INFO: [ESPCN..][epoch:  0, iter:   9,900, lr:(5.000e-04,)] [eta: 80 days, 21:02:26, time (data): 2.796 (2.776)] L1Loss: 2.5842e-02 
2022-09-28 13:17:30,347 INFO: [ESPCN..][epoch:  0, iter:  10,000, lr:(5.000e-04,)] [eta: 80 days, 12:08:26, time (data): 2.533 (2.512)] L1Loss: 2.0159e-02 
2022-09-28 13:17:31,385 INFO: Saving models and training states.
2022-09-28 13:17:38,967 INFO: Validation [epoch 10000] Set5
	 # psnr: 31.3225	Best: 31.3225 @ 10000 iter
	 # ssim: 0.8870	Best: 0.8870 @ 10000 iter

2022-09-28 13:22:10,510 INFO: [ESPCN..][epoch:  0, iter:  10,100, lr:(5.000e-04,)] [eta: 80 days, 5:08:29, time (data): 3.167 (3.151)] L1Loss: 1.9760e-02 
2022-09-28 13:28:26,438 INFO: [ESPCN..][epoch:  1, iter:  10,200, lr:(5.000e-04,)] [eta: 80 days, 2:25:26, time (data): 3.556 (3.537)] L1Loss: 2.6360e-02 
2022-09-28 13:33:14,095 INFO: [ESPCN..][epoch:  1, iter:  10,300, lr:(5.000e-04,)] [eta: 79 days, 19:58:22, time (data): 3.124 (3.103)] L1Loss: 2.9493e-02 
2022-09-28 13:37:25,887 INFO: [ESPCN..][epoch:  1, iter:  10,400, lr:(5.000e-04,)] [eta: 79 days, 12:07:18, time (data): 2.716 (2.695)] L1Loss: 2.5017e-02 
2022-09-28 13:41:22,309 INFO: [ESPCN..][epoch:  1, iter:  10,500, lr:(5.000e-04,)] [eta: 79 days, 3:46:22, time (data): 2.008 (1.987)] L1Loss: 2.7137e-02 
2022-09-28 13:44:43,794 INFO: [ESPCN..][epoch:  1, iter:  10,600, lr:(5.000e-04,)] [eta: 78 days, 18:07:29, time (data): 2.012 (1.992)] L1Loss: 2.7226e-02 
2022-09-28 13:49:03,316 INFO: [ESPCN..][epoch:  1, iter:  10,700, lr:(5.000e-04,)] [eta: 78 days, 11:03:02, time (data): 2.912 (2.889)] L1Loss: 2.4805e-02 
2022-09-28 13:53:12,105 INFO: [ESPCN..][epoch:  1, iter:  10,800, lr:(5.000e-04,)] [eta: 78 days, 3:40:02, time (data): 2.622 (2.601)] L1Loss: 2.4588e-02 
2022-09-28 13:56:46,338 INFO: [ESPCN..][epoch:  1, iter:  10,900, lr:(5.000e-04,)] [eta: 77 days, 19:01:08, time (data): 2.285 (2.266)] L1Loss: 2.8125e-02 
2022-09-28 14:00:38,563 INFO: [ESPCN..][epoch:  1, iter:  11,000, lr:(5.000e-04,)] [eta: 77 days, 11:14:55, time (data): 2.304 (2.283)] L1Loss: 2.4522e-02 
2022-09-28 14:05:23,461 INFO: [ESPCN..][epoch:  1, iter:  11,100, lr:(5.000e-04,)] [eta: 77 days, 5:42:41, time (data): 2.884 (2.864)] L1Loss: 2.5745e-02 
2022-09-28 14:08:42,150 INFO: [ESPCN..][epoch:  1, iter:  11,200, lr:(5.000e-04,)] [eta: 76 days, 20:52:29, time (data): 2.263 (2.243)] L1Loss: 2.3836e-02 
2022-09-28 14:12:31,622 INFO: [ESPCN..][epoch:  1, iter:  11,300, lr:(5.000e-04,)] [eta: 76 days, 13:23:45, time (data): 1.900 (1.879)] L1Loss: 2.4543e-02 
2022-09-28 14:16:47,035 INFO: [ESPCN..][epoch:  1, iter:  11,400, lr:(5.000e-04,)] [eta: 76 days, 7:03:03, time (data): 2.349 (2.329)] L1Loss: 2.9237e-02 
2022-09-28 14:21:00,785 INFO: [ESPCN..][epoch:  1, iter:  11,500, lr:(5.000e-04,)] [eta: 76 days, 0:45:04, time (data): 2.421 (2.399)] L1Loss: 3.2181e-02 
2022-09-28 14:25:46,281 INFO: [ESPCN..][epoch:  1, iter:  11,600, lr:(5.000e-04,)] [eta: 75 days, 19:45:59, time (data): 2.720 (2.699)] L1Loss: 2.6681e-02 
2022-09-28 14:29:56,426 INFO: [ESPCN..][epoch:  1, iter:  11,700, lr:(5.000e-04,)] [eta: 75 days, 13:31:57, time (data): 2.324 (2.305)] L1Loss: 2.5695e-02 
2022-09-28 14:34:07,050 INFO: [ESPCN..][epoch:  1, iter:  11,800, lr:(5.000e-04,)] [eta: 75 days, 7:25:15, time (data): 2.450 (2.428)] L1Loss: 2.1255e-02 
2022-09-28 14:38:23,648 INFO: [ESPCN..][epoch:  1, iter:  11,900, lr:(5.000e-04,)] [eta: 75 days, 1:37:56, time (data): 2.611 (2.590)] L1Loss: 2.9599e-02 
2022-09-28 14:42:35,774 INFO: [ESPCN..][epoch:  1, iter:  12,000, lr:(5.000e-04,)] [eta: 74 days, 19:46:29, time (data): 2.541 (2.520)] L1Loss: 2.9205e-02 
2022-09-28 14:46:38,006 INFO: [ESPCN..][epoch:  1, iter:  12,100, lr:(5.000e-04,)] [eta: 74 days, 13:39:07, time (data): 1.949 (1.926)] L1Loss: 2.5768e-02 
2022-09-28 14:51:14,689 INFO: [ESPCN..][epoch:  1, iter:  12,200, lr:(5.000e-04,)] [eta: 74 days, 8:52:26, time (data): 2.523 (2.502)] L1Loss: 2.6212e-02 
2022-09-28 14:55:13,693 INFO: [ESPCN..][epoch:  1, iter:  12,300, lr:(5.000e-04,)] [eta: 74 days, 2:49:17, time (data): 2.425 (2.407)] L1Loss: 2.9800e-02 
2022-09-28 14:59:12,986 INFO: [ESPCN..][epoch:  1, iter:  12,400, lr:(5.000e-04,)] [eta: 73 days, 20:52:33, time (data): 2.397 (2.379)] L1Loss: 2.7867e-02 
2022-09-28 15:04:27,653 INFO: [ESPCN..][epoch:  1, iter:  12,500, lr:(5.000e-04,)] [eta: 73 days, 17:40:59, time (data): 3.546 (3.529)] L1Loss: 2.3153e-02 
2022-09-28 15:08:25,964 INFO: [ESPCN..][epoch:  1, iter:  12,600, lr:(5.000e-04,)] [eta: 73 days, 11:52:03, time (data): 2.692 (2.673)] L1Loss: 2.4949e-02 
2022-09-28 15:12:42,472 INFO: [ESPCN..][epoch:  1, iter:  12,700, lr:(5.000e-04,)] [eta: 73 days, 6:46:28, time (data): 2.196 (2.180)] L1Loss: 3.0401e-02 
2022-09-28 15:16:33,222 INFO: [ESPCN..][epoch:  1, iter:  12,800, lr:(5.000e-04,)] [eta: 73 days, 0:52:21, time (data): 2.271 (2.253)] L1Loss: 2.6518e-02 
2022-09-28 15:21:56,517 INFO: [ESPCN..][epoch:  1, iter:  12,900, lr:(5.000e-04,)] [eta: 72 days, 22:13:25, time (data): 3.670 (3.650)] L1Loss: 2.4353e-02 
2022-09-28 15:26:57,077 INFO: [ESPCN..][epoch:  1, iter:  13,000, lr:(5.000e-04,)] [eta: 72 days, 18:50:36, time (data): 3.179 (3.158)] L1Loss: 2.7603e-02 
2022-09-28 15:31:29,407 INFO: [ESPCN..][epoch:  1, iter:  13,100, lr:(5.000e-04,)] [eta: 72 days, 14:33:48, time (data): 3.140 (3.121)] L1Loss: 2.8635e-02 
2022-09-28 15:36:21,484 INFO: [ESPCN..][epoch:  1, iter:  13,200, lr:(5.000e-04,)] [eta: 72 days, 11:00:24, time (data): 2.975 (2.954)] L1Loss: 2.4264e-02 
2022-09-28 15:40:13,993 INFO: [ESPCN..][epoch:  1, iter:  13,300, lr:(5.000e-04,)] [eta: 72 days, 5:31:41, time (data): 2.291 (2.268)] L1Loss: 2.6613e-02 
2022-09-28 15:44:51,539 INFO: [ESPCN..][epoch:  1, iter:  13,400, lr:(5.000e-04,)] [eta: 72 days, 1:36:42, time (data): 2.646 (2.625)] L1Loss: 3.0382e-02 
2022-09-28 15:49:19,994 INFO: [ESPCN..][epoch:  1, iter:  13,500, lr:(5.000e-04,)] [eta: 71 days, 21:27:19, time (data): 2.349 (2.329)] L1Loss: 2.3546e-02 
2022-09-28 15:53:53,970 INFO: [ESPCN..][epoch:  1, iter:  13,600, lr:(5.000e-04,)] [eta: 71 days, 17:32:16, time (data): 2.636 (2.616)] L1Loss: 2.7068e-02 
2022-09-28 15:57:13,300 INFO: [ESPCN..][epoch:  1, iter:  13,700, lr:(5.000e-04,)] [eta: 71 days, 11:16:32, time (data): 1.814 (1.793)] L1Loss: 2.4835e-02 
2022-09-28 16:01:36,142 INFO: [ESPCN..][epoch:  1, iter:  13,800, lr:(5.000e-04,)] [eta: 71 days, 7:07:52, time (data): 2.424 (2.404)] L1Loss: 2.8410e-02 
2022-09-28 16:05:43,954 INFO: [ESPCN..][epoch:  1, iter:  13,900, lr:(5.000e-04,)] [eta: 71 days, 2:34:08, time (data): 2.921 (2.903)] L1Loss: 2.4332e-02 
2022-09-28 16:09:47,937 INFO: [ESPCN..][epoch:  1, iter:  14,000, lr:(5.000e-04,)] [eta: 70 days, 21:57:01, time (data): 2.546 (2.526)] L1Loss: 2.8130e-02 
2022-09-28 16:14:22,572 INFO: [ESPCN..][epoch:  1, iter:  14,100, lr:(5.000e-04,)] [eta: 70 days, 18:21:14, time (data): 2.606 (2.590)] L1Loss: 2.7380e-02 
2022-09-28 16:18:50,162 INFO: [ESPCN..][epoch:  1, iter:  14,200, lr:(5.000e-04,)] [eta: 70 days, 14:35:18, time (data): 2.653 (2.634)] L1Loss: 2.4926e-02 
2022-09-28 16:23:18,724 INFO: [ESPCN..][epoch:  1, iter:  14,300, lr:(5.000e-04,)] [eta: 70 days, 10:54:17, time (data): 2.307 (2.287)] L1Loss: 2.0764e-02 
2022-09-28 16:27:11,630 INFO: [ESPCN..][epoch:  1, iter:  14,400, lr:(5.000e-04,)] [eta: 70 days, 6:10:50, time (data): 2.319 (2.299)] L1Loss: 2.2437e-02 
2022-09-28 16:32:21,391 INFO: [ESPCN..][epoch:  1, iter:  14,500, lr:(5.000e-04,)] [eta: 70 days, 3:51:17, time (data): 3.909 (3.895)] L1Loss: 2.1605e-02 
2022-09-28 16:36:24,834 INFO: [ESPCN..][epoch:  1, iter:  14,600, lr:(5.000e-04,)] [eta: 69 days, 23:33:34, time (data): 2.750 (2.729)] L1Loss: 2.9503e-02 
2022-09-28 16:40:52,117 INFO: [ESPCN..][epoch:  1, iter:  14,700, lr:(5.000e-04,)] [eta: 69 days, 20:02:08, time (data): 2.800 (2.782)] L1Loss: 2.8122e-02 
2022-09-28 16:45:47,096 INFO: [ESPCN..][epoch:  1, iter:  14,800, lr:(5.000e-04,)] [eta: 69 days, 17:22:57, time (data): 2.916 (2.896)] L1Loss: 2.2388e-02 
2022-09-28 16:50:01,955 INFO: [ESPCN..][epoch:  1, iter:  14,900, lr:(5.000e-04,)] [eta: 69 days, 13:34:42, time (data): 2.434 (2.411)] L1Loss: 2.6980e-02 
2022-09-28 16:54:55,862 INFO: [ESPCN..][epoch:  1, iter:  15,000, lr:(5.000e-04,)] [eta: 69 days, 10:58:13, time (data): 2.827 (2.807)] L1Loss: 2.1884e-02 
2022-09-28 16:54:56,800 INFO: Saving models and training states.
2022-09-28 16:55:03,613 INFO: Validation [epoch 15000] Set5
	 # psnr: 31.4594	Best: 31.4594 @ 15000 iter
	 # ssim: 0.8886	Best: 0.8886 @ 15000 iter

2022-09-28 16:59:37,042 INFO: [ESPCN..][epoch:  1, iter:  15,100, lr:(5.000e-04,)] [eta: 69 days, 8:01:28, time (data): 2.336 (2.316)] L1Loss: 2.9047e-02 
2022-09-28 17:04:47,161 INFO: [ESPCN..][epoch:  1, iter:  15,200, lr:(5.000e-04,)] [eta: 69 days, 5:57:15, time (data): 2.940 (2.921)] L1Loss: 2.4969e-02 
2022-09-28 17:09:27,669 INFO: [ESPCN..][epoch:  1, iter:  15,300, lr:(5.000e-04,)] [eta: 69 days, 3:03:30, time (data): 2.637 (2.615)] L1Loss: 2.5113e-02 
2022-09-28 17:13:41,438 INFO: [ESPCN..][epoch:  1, iter:  15,400, lr:(5.000e-04,)] [eta: 68 days, 23:26:05, time (data): 2.549 (2.528)] L1Loss: 3.1111e-02 
2022-09-28 17:19:12,066 INFO: [ESPCN..][epoch:  1, iter:  15,500, lr:(5.000e-04,)] [eta: 68 days, 22:02:21, time (data): 2.774 (2.755)] L1Loss: 2.0893e-02 
2022-09-28 17:23:57,252 INFO: [ESPCN..][epoch:  1, iter:  15,600, lr:(5.000e-04,)] [eta: 68 days, 19:22:43, time (data): 2.830 (2.810)] L1Loss: 2.5636e-02 
2022-09-28 17:29:12,791 INFO: [ESPCN..][epoch:  1, iter:  15,700, lr:(5.000e-04,)] [eta: 68 days, 17:36:06, time (data): 3.491 (3.470)] L1Loss: 2.5717e-02 
2022-09-28 17:33:38,096 INFO: [ESPCN..][epoch:  1, iter:  15,800, lr:(5.000e-04,)] [eta: 68 days, 14:26:49, time (data): 2.801 (2.780)] L1Loss: 2.6278e-02 
2022-09-28 17:38:20,848 INFO: [ESPCN..][epoch:  1, iter:  15,900, lr:(5.000e-04,)] [eta: 68 days, 11:48:50, time (data): 3.050 (3.029)] L1Loss: 3.1757e-02 
2022-09-28 17:42:56,010 INFO: [ESPCN..][epoch:  1, iter:  16,000, lr:(5.000e-04,)] [eta: 68 days, 9:00:15, time (data): 2.793 (2.772)] L1Loss: 2.6424e-02 
2022-09-28 17:47:33,996 INFO: [ESPCN..][epoch:  1, iter:  16,100, lr:(5.000e-04,)] [eta: 68 days, 6:18:19, time (data): 2.945 (2.928)] L1Loss: 2.1722e-02 
2022-09-28 17:52:00,280 INFO: [ESPCN..][epoch:  1, iter:  16,200, lr:(5.000e-04,)] [eta: 68 days, 3:19:17, time (data): 2.708 (2.689)] L1Loss: 2.5501e-02 
2022-09-28 17:56:34,368 INFO: [ESPCN..][epoch:  1, iter:  16,300, lr:(5.000e-04,)] [eta: 68 days, 0:35:00, time (data): 2.020 (2.001)] L1Loss: 2.4658e-02 
2022-09-28 18:01:26,532 INFO: [ESPCN..][epoch:  1, iter:  16,400, lr:(5.000e-04,)] [eta: 67 days, 22:21:46, time (data): 2.769 (2.750)] L1Loss: 2.7476e-02 
2022-09-28 18:06:13,468 INFO: [ESPCN..][epoch:  1, iter:  16,500, lr:(5.000e-04,)] [eta: 67 days, 20:01:44, time (data): 3.161 (3.143)] L1Loss: 2.0497e-02 
2022-09-28 18:10:36,127 INFO: [ESPCN..][epoch:  1, iter:  16,600, lr:(5.000e-04,)] [eta: 67 days, 17:04:44, time (data): 2.700 (2.680)] L1Loss: 2.1268e-02 
2022-09-28 18:15:28,595 INFO: [ESPCN..][epoch:  1, iter:  16,700, lr:(5.000e-04,)] [eta: 67 days, 14:56:54, time (data): 2.375 (2.352)] L1Loss: 2.7437e-02 
2022-09-28 18:20:42,686 INFO: [ESPCN..][epoch:  1, iter:  16,800, lr:(5.000e-04,)] [eta: 67 days, 13:24:29, time (data): 3.022 (3.000)] L1Loss: 2.9330e-02 
2022-09-28 18:24:55,185 INFO: [ESPCN..][epoch:  1, iter:  16,900, lr:(5.000e-04,)] [eta: 67 days, 10:16:57, time (data): 1.827 (1.806)] L1Loss: 2.9960e-02 
2022-09-28 18:29:51,601 INFO: [ESPCN..][epoch:  1, iter:  17,000, lr:(5.000e-04,)] [eta: 67 days, 8:19:44, time (data): 2.799 (2.778)] L1Loss: 2.7389e-02 
2022-09-28 18:35:00,014 INFO: [ESPCN..][epoch:  1, iter:  17,100, lr:(5.000e-04,)] [eta: 67 days, 6:42:20, time (data): 5.817 (5.793)] L1Loss: 2.1638e-02 
2022-09-28 18:38:54,845 INFO: [ESPCN..][epoch:  1, iter:  17,200, lr:(5.000e-04,)] [eta: 67 days, 3:13:09, time (data): 2.792 (2.770)] L1Loss: 2.6499e-02 
2022-09-28 18:43:21,559 INFO: [ESPCN..][epoch:  1, iter:  17,300, lr:(5.000e-04,)] [eta: 67 days, 0:34:57, time (data): 2.519 (2.496)] L1Loss: 3.1587e-02 
2022-09-28 18:48:04,541 INFO: [ESPCN..][epoch:  1, iter:  17,400, lr:(5.000e-04,)] [eta: 66 days, 22:23:11, time (data): 2.783 (2.765)] L1Loss: 2.3567e-02 
2022-09-28 18:52:31,056 INFO: [ESPCN..][epoch:  1, iter:  17,500, lr:(5.000e-04,)] [eta: 66 days, 19:48:03, time (data): 3.084 (3.060)] L1Loss: 3.0409e-02 
2022-09-28 18:57:14,727 INFO: [ESPCN..][epoch:  1, iter:  17,600, lr:(5.000e-04,)] [eta: 66 days, 17:40:21, time (data): 2.857 (2.837)] L1Loss: 2.5356e-02 
2022-09-28 19:02:27,345 INFO: [ESPCN..][epoch:  1, iter:  17,700, lr:(5.000e-04,)] [eta: 66 days, 16:17:09, time (data): 2.574 (2.551)] L1Loss: 2.1939e-02 
2022-09-28 19:07:20,458 INFO: [ESPCN..][epoch:  1, iter:  17,800, lr:(5.000e-04,)] [eta: 66 days, 14:25:56, time (data): 2.884 (2.864)] L1Loss: 1.9354e-02 
2022-09-28 19:11:37,284 INFO: [ESPCN..][epoch:  1, iter:  17,900, lr:(5.000e-04,)] [eta: 66 days, 11:42:27, time (data): 2.664 (2.645)] L1Loss: 3.2636e-02 
2022-09-28 19:16:36,020 INFO: [ESPCN..][epoch:  1, iter:  18,000, lr:(5.000e-04,)] [eta: 66 days, 10:02:08, time (data): 2.946 (2.926)] L1Loss: 2.2645e-02 
2022-09-28 19:20:36,251 INFO: [ESPCN..][epoch:  1, iter:  18,100, lr:(5.000e-04,)] [eta: 66 days, 6:57:39, time (data): 3.084 (3.063)] L1Loss: 2.6521e-02 
2022-09-28 19:25:19,356 INFO: [ESPCN..][epoch:  1, iter:  18,200, lr:(5.000e-04,)] [eta: 66 days, 4:57:15, time (data): 2.845 (2.825)] L1Loss: 2.3147e-02 
2022-09-28 19:30:27,170 INFO: [ESPCN..][epoch:  1, iter:  18,300, lr:(5.000e-04,)] [eta: 66 days, 3:33:42, time (data): 3.152 (3.127)] L1Loss: 3.0742e-02 
2022-09-28 19:35:12,000 INFO: [ESPCN..][epoch:  1, iter:  18,400, lr:(5.000e-04,)] [eta: 66 days, 1:38:05, time (data): 2.865 (2.843)] L1Loss: 2.3880e-02 
2022-09-28 19:39:52,357 INFO: [ESPCN..][epoch:  1, iter:  18,500, lr:(5.000e-04,)] [eta: 65 days, 23:37:18, time (data): 0.026 (0.004)] L1Loss: 2.7029e-02 
2022-09-28 19:45:06,371 INFO: [ESPCN..][epoch:  1, iter:  18,600, lr:(5.000e-04,)] [eta: 65 days, 22:25:26, time (data): 2.907 (2.887)] L1Loss: 2.2702e-02 
2022-09-28 19:49:40,901 INFO: [ESPCN..][epoch:  1, iter:  18,700, lr:(5.000e-04,)] [eta: 65 days, 20:18:39, time (data): 3.003 (2.990)] L1Loss: 2.7551e-02 
2022-09-28 19:54:36,623 INFO: [ESPCN..][epoch:  1, iter:  18,800, lr:(5.000e-04,)] [eta: 65 days, 18:42:53, time (data): 2.958 (2.938)] L1Loss: 2.1813e-02 
2022-09-28 19:59:10,445 INFO: [ESPCN..][epoch:  1, iter:  18,900, lr:(5.000e-04,)] [eta: 65 days, 16:37:32, time (data): 0.272 (0.253)] L1Loss: 2.3952e-02 
2022-09-28 20:03:39,244 INFO: [ESPCN..][epoch:  1, iter:  19,000, lr:(5.000e-04,)] [eta: 65 days, 14:26:29, time (data): 2.533 (2.515)] L1Loss: 2.7352e-02 
2022-09-28 20:08:46,202 INFO: [ESPCN..][epoch:  1, iter:  19,100, lr:(5.000e-04,)] [eta: 65 days, 13:09:24, time (data): 0.027 (0.003)] L1Loss: 2.6160e-02 
2022-09-28 20:13:08,849 INFO: [ESPCN..][epoch:  1, iter:  19,200, lr:(5.000e-04,)] [eta: 65 days, 10:52:16, time (data): 2.495 (2.473)] L1Loss: 2.5128e-02 
2022-09-28 20:18:53,327 INFO: [ESPCN..][epoch:  1, iter:  19,300, lr:(5.000e-04,)] [eta: 65 days, 10:28:12, time (data): 4.260 (4.243)] L1Loss: 3.0548e-02 
2022-09-28 20:23:36,372 INFO: [ESPCN..][epoch:  1, iter:  19,400, lr:(5.000e-04,)] [eta: 65 days, 8:40:55, time (data): 2.881 (2.861)] L1Loss: 2.2301e-02 
2022-09-28 20:28:24,227 INFO: [ESPCN..][epoch:  1, iter:  19,500, lr:(5.000e-04,)] [eta: 65 days, 7:01:10, time (data): 0.026 (0.004)] L1Loss: 2.6262e-02 
2022-09-28 20:33:47,807 INFO: [ESPCN..][epoch:  1, iter:  19,600, lr:(5.000e-04,)] [eta: 65 days, 6:10:24, time (data): 3.133 (3.111)] L1Loss: 2.6629e-02 
2022-09-28 20:38:26,147 INFO: [ESPCN..][epoch:  1, iter:  19,700, lr:(5.000e-04,)] [eta: 65 days, 4:19:37, time (data): 9.591 (9.572)] L1Loss: 2.7989e-02 
2022-09-28 20:43:35,216 INFO: [ESPCN..][epoch:  1, iter:  19,800, lr:(5.000e-04,)] [eta: 65 days, 3:10:47, time (data): 3.216 (3.195)] L1Loss: 2.8220e-02 
2022-09-28 20:48:31,096 INFO: [ESPCN..][epoch:  1, iter:  19,900, lr:(5.000e-04,)] [eta: 65 days, 1:45:08, time (data): 0.014 (0.002)] L1Loss: 3.1012e-02 
2022-09-28 20:53:15,719 INFO: [ESPCN..][epoch:  1, iter:  20,000, lr:(5.000e-04,)] [eta: 65 days, 0:05:27, time (data): 2.808 (2.788)] L1Loss: 2.2849e-02 
2022-09-28 20:53:15,882 INFO: Saving models and training states.
2022-09-28 20:53:21,314 INFO: Validation [epoch 20000] Set5
	 # psnr: 31.5416	Best: 31.5416 @ 20000 iter
	 # ssim: 0.8896	Best: 0.8896 @ 20000 iter

2022-09-28 20:58:36,089 INFO: [ESPCN..][epoch:  1, iter:  20,100, lr:(5.000e-04,)] [eta: 64 days, 23:13:34, time (data): 2.977 (2.957)] L1Loss: 2.3866e-02 
2022-09-28 21:04:29,719 INFO: [ESPCN..][epoch:  1, iter:  20,200, lr:(5.000e-04,)] [eta: 64 days, 23:05:29, time (data): 3.527 (3.508)] L1Loss: 2.6306e-02 
2022-09-28 21:09:39,063 INFO: [ESPCN..][epoch:  1, iter:  20,300, lr:(5.000e-04,)] [eta: 64 days, 21:59:59, time (data): 3.306 (3.286)] L1Loss: 2.5142e-02 
2022-09-28 21:14:55,224 INFO: [ESPCN..][epoch:  2, iter:  20,400, lr:(5.000e-04,)] [eta: 64 days, 21:03:52, time (data): 3.104 (3.084)] L1Loss: 2.6866e-02 
2022-09-28 21:19:13,952 INFO: [ESPCN..][epoch:  2, iter:  20,500, lr:(5.000e-04,)] [eta: 64 days, 18:54:31, time (data): 2.840 (2.821)] L1Loss: 3.0654e-02 
2022-09-28 21:25:24,214 INFO: [ESPCN..][epoch:  2, iter:  20,600, lr:(5.000e-04,)] [eta: 64 days, 19:08:53, time (data): 3.768 (3.747)] L1Loss: 3.2542e-02 
2022-09-28 21:30:44,603 INFO: [ESPCN..][epoch:  2, iter:  20,700, lr:(5.000e-04,)] [eta: 64 days, 18:19:38, time (data): 3.479 (3.457)] L1Loss: 2.6716e-02 
2022-09-28 21:35:25,582 INFO: [ESPCN..][epoch:  2, iter:  20,800, lr:(5.000e-04,)] [eta: 64 days, 16:40:56, time (data): 2.536 (2.514)] L1Loss: 2.6974e-02 
2022-09-28 21:39:07,895 INFO: [ESPCN..][epoch:  2, iter:  20,900, lr:(5.000e-04,)] [eta: 64 days, 13:49:17, time (data): 2.372 (2.351)] L1Loss: 2.5373e-02 
2022-09-28 21:43:15,632 INFO: [ESPCN..][epoch:  2, iter:  21,000, lr:(5.000e-04,)] [eta: 64 days, 11:31:05, time (data): 2.447 (2.427)] L1Loss: 2.7318e-02 
2022-09-28 21:47:32,609 INFO: [ESPCN..][epoch:  2, iter:  21,100, lr:(5.000e-04,)] [eta: 64 days, 9:25:40, time (data): 2.507 (2.487)] L1Loss: 2.7579e-02 
2022-09-28 21:52:13,987 INFO: [ESPCN..][epoch:  2, iter:  21,200, lr:(5.000e-04,)] [eta: 64 days, 7:51:41, time (data): 2.662 (2.640)] L1Loss: 2.9037e-02 
2022-09-28 21:56:01,475 INFO: [ESPCN..][epoch:  2, iter:  21,300, lr:(5.000e-04,)] [eta: 64 days, 5:11:59, time (data): 2.461 (2.441)] L1Loss: 2.9069e-02 
2022-09-28 22:00:34,044 INFO: [ESPCN..][epoch:  2, iter:  21,400, lr:(5.000e-04,)] [eta: 64 days, 3:29:09, time (data): 2.894 (2.874)] L1Loss: 2.6192e-02 
2022-09-28 22:04:49,306 INFO: [ESPCN..][epoch:  2, iter:  21,500, lr:(5.000e-04,)] [eta: 64 days, 1:26:03, time (data): 2.717 (2.697)] L1Loss: 2.8243e-02 
2022-09-28 22:08:53,832 INFO: [ESPCN..][epoch:  2, iter:  21,600, lr:(5.000e-04,)] [eta: 63 days, 23:10:59, time (data): 2.324 (2.303)] L1Loss: 3.0499e-02 
2022-09-28 22:13:29,450 INFO: [ESPCN..][epoch:  2, iter:  21,700, lr:(5.000e-04,)] [eta: 63 days, 21:34:49, time (data): 2.542 (2.521)] L1Loss: 2.3768e-02 
2022-09-28 22:18:11,495 INFO: [ESPCN..][epoch:  2, iter:  21,800, lr:(5.000e-04,)] [eta: 63 days, 20:07:14, time (data): 2.945 (2.926)] L1Loss: 2.7851e-02 
2022-09-28 22:22:37,922 INFO: [ESPCN..][epoch:  2, iter:  21,900, lr:(5.000e-04,)] [eta: 63 days, 18:21:39, time (data): 2.797 (2.777)] L1Loss: 1.8081e-02 
2022-09-28 22:26:54,494 INFO: [ESPCN..][epoch:  2, iter:  22,000, lr:(5.000e-04,)] [eta: 63 days, 16:25:13, time (data): 2.459 (2.439)] L1Loss: 2.1912e-02 
2022-09-28 22:31:22,749 INFO: [ESPCN..][epoch:  2, iter:  22,100, lr:(5.000e-04,)] [eta: 63 days, 14:43:42, time (data): 2.573 (2.554)] L1Loss: 2.3367e-02 
2022-09-28 22:35:42,901 INFO: [ESPCN..][epoch:  2, iter:  22,200, lr:(5.000e-04,)] [eta: 63 days, 12:53:27, time (data): 2.528 (2.506)] L1Loss: 2.5344e-02 
2022-09-28 22:38:42,327 INFO: [ESPCN..][epoch:  2, iter:  22,300, lr:(5.000e-04,)] [eta: 63 days, 9:28:58, time (data): 2.137 (2.116)] L1Loss: 2.4055e-02 
2022-09-28 22:42:47,959 INFO: [ESPCN..][epoch:  2, iter:  22,400, lr:(5.000e-04,)] [eta: 63 days, 7:24:00, time (data): 2.535 (2.518)] L1Loss: 3.0413e-02 
2022-09-28 22:46:52,833 INFO: [ESPCN..][epoch:  2, iter:  22,500, lr:(5.000e-04,)] [eta: 63 days, 5:19:13, time (data): 2.485 (2.465)] L1Loss: 2.3045e-02 
2022-09-28 22:51:05,018 INFO: [ESPCN..][epoch:  2, iter:  22,600, lr:(5.000e-04,)] [eta: 63 days, 3:24:01, time (data): 2.518 (2.498)] L1Loss: 2.0407e-02 
2022-09-28 22:54:51,306 INFO: [ESPCN..][epoch:  2, iter:  22,700, lr:(5.000e-04,)] [eta: 63 days, 0:59:48, time (data): 2.379 (2.358)] L1Loss: 2.7136e-02 
2022-09-28 22:59:00,400 INFO: [ESPCN..][epoch:  2, iter:  22,800, lr:(5.000e-04,)] [eta: 62 days, 23:03:06, time (data): 2.399 (2.379)] L1Loss: 1.8152e-02 
2022-09-28 23:03:14,191 INFO: [ESPCN..][epoch:  2, iter:  22,900, lr:(5.000e-04,)] [eta: 62 days, 21:12:47, time (data): 2.471 (2.451)] L1Loss: 2.5514e-02 
2022-09-28 23:07:19,706 INFO: [ESPCN..][epoch:  2, iter:  23,000, lr:(5.000e-04,)] [eta: 62 days, 19:13:55, time (data): 2.556 (2.534)] L1Loss: 3.2940e-02 
2022-09-28 23:11:19,274 INFO: [ESPCN..][epoch:  2, iter:  23,100, lr:(5.000e-04,)] [eta: 62 days, 17:09:17, time (data): 2.465 (2.445)] L1Loss: 1.9963e-02 
2022-09-28 23:15:17,829 INFO: [ESPCN..][epoch:  2, iter:  23,200, lr:(5.000e-04,)] [eta: 62 days, 15:04:33, time (data): 2.450 (2.430)] L1Loss: 2.0392e-02 
2022-09-28 23:20:22,928 INFO: [ESPCN..][epoch:  2, iter:  23,300, lr:(5.000e-04,)] [eta: 62 days, 14:15:54, time (data): 2.773 (2.754)] L1Loss: 2.1274e-02 
2022-09-28 23:23:41,291 INFO: [ESPCN..][epoch:  2, iter:  23,400, lr:(5.000e-04,)] [eta: 62 days, 11:27:46, time (data): 1.931 (1.909)] L1Loss: 3.3803e-02 
2022-09-28 23:27:45,743 INFO: [ESPCN..][epoch:  2, iter:  23,500, lr:(5.000e-04,)] [eta: 62 days, 9:32:34, time (data): 2.206 (2.184)] L1Loss: 2.9332e-02 
2022-09-28 23:31:26,815 INFO: [ESPCN..][epoch:  2, iter:  23,600, lr:(5.000e-04,)] [eta: 62 days, 7:12:17, time (data): 2.074 (2.053)] L1Loss: 2.4728e-02 
2022-09-28 23:34:53,421 INFO: [ESPCN..][epoch:  2, iter:  23,700, lr:(5.000e-04,)] [eta: 62 days, 4:37:07, time (data): 2.065 (2.045)] L1Loss: 2.7720e-02 
2022-09-28 23:38:48,804 INFO: [ESPCN..][epoch:  2, iter:  23,800, lr:(5.000e-04,)] [eta: 62 days, 2:34:59, time (data): 2.267 (2.246)] L1Loss: 2.3612e-02 
2022-09-28 23:42:10,224 INFO: [ESPCN..][epoch:  2, iter:  23,900, lr:(5.000e-04,)] [eta: 61 days, 23:56:31, time (data): 2.123 (2.103)] L1Loss: 2.4250e-02 
2022-09-28 23:46:00,182 INFO: [ESPCN..][epoch:  2, iter:  24,000, lr:(5.000e-04,)] [eta: 61 days, 21:50:34, time (data): 2.385 (2.365)] L1Loss: 2.3431e-02 
2022-09-28 23:49:48,371 INFO: [ESPCN..][epoch:  2, iter:  24,100, lr:(5.000e-04,)] [eta: 61 days, 19:43:42, time (data): 2.323 (2.304)] L1Loss: 2.5317e-02 
2022-09-28 23:53:15,685 INFO: [ESPCN..][epoch:  2, iter:  24,200, lr:(5.000e-04,)] [eta: 61 days, 17:15:12, time (data): 2.088 (2.069)] L1Loss: 2.4893e-02 
2022-09-28 23:57:09,227 INFO: [ESPCN..][epoch:  2, iter:  24,300, lr:(5.000e-04,)] [eta: 61 days, 15:16:15, time (data): 2.221 (2.202)] L1Loss: 2.2511e-02 
2022-09-29 00:00:42,140 INFO: [ESPCN..][epoch:  2, iter:  24,400, lr:(5.000e-04,)] [eta: 61 days, 12:56:02, time (data): 2.084 (2.066)] L1Loss: 2.1226e-02 
2022-09-29 00:05:17,625 INFO: [ESPCN..][epoch:  2, iter:  24,500, lr:(5.000e-04,)] [eta: 61 days, 11:44:00, time (data): 2.456 (2.438)] L1Loss: 2.3002e-02 
2022-09-29 00:08:57,914 INFO: [ESPCN..][epoch:  2, iter:  24,600, lr:(5.000e-04,)] [eta: 61 days, 9:33:35, time (data): 2.230 (2.210)] L1Loss: 2.6067e-02 
2022-09-29 00:12:40,354 INFO: [ESPCN..][epoch:  2, iter:  24,700, lr:(5.000e-04,)] [eta: 61 days, 7:26:30, time (data): 2.222 (2.203)] L1Loss: 2.4362e-02 
2022-09-29 00:16:45,684 INFO: [ESPCN..][epoch:  2, iter:  24,800, lr:(5.000e-04,)] [eta: 61 days, 5:44:38, time (data): 2.585 (2.565)] L1Loss: 3.0274e-02 
2022-09-29 00:20:31,425 INFO: [ESPCN..][epoch:  2, iter:  24,900, lr:(5.000e-04,)] [eta: 61 days, 3:42:54, time (data): 2.395 (2.374)] L1Loss: 2.4337e-02 
2022-09-29 00:24:37,023 INFO: [ESPCN..][epoch:  2, iter:  25,000, lr:(5.000e-04,)] [eta: 61 days, 2:02:58, time (data): 2.271 (2.251)] L1Loss: 2.5739e-02 
2022-09-29 00:24:37,964 INFO: Saving models and training states.
2022-09-29 00:24:43,167 INFO: Validation [epoch 25000] Set5
	 # psnr: 31.6115	Best: 31.6115 @ 25000 iter
	 # ssim: 0.8906	Best: 0.8906 @ 25000 iter

2022-09-29 00:29:01,432 INFO: [ESPCN..][epoch:  2, iter:  25,100, lr:(5.000e-04,)] [eta: 61 days, 0:43:27, time (data): 2.448 (2.428)] L1Loss: 2.6035e-02 
2022-09-29 00:32:50,538 INFO: [ESPCN..][epoch:  2, iter:  25,200, lr:(5.000e-04,)] [eta: 60 days, 22:47:47, time (data): 2.215 (2.197)] L1Loss: 2.4786e-02 
2022-09-29 00:37:33,266 INFO: [ESPCN..][epoch:  2, iter:  25,300, lr:(5.000e-04,)] [eta: 60 days, 21:48:37, time (data): 2.563 (2.542)] L1Loss: 2.3779e-02 
2022-09-29 00:40:26,815 INFO: [ESPCN..][epoch:  2, iter:  25,400, lr:(5.000e-04,)] [eta: 60 days, 18:57:04, time (data): 1.571 (1.551)] L1Loss: 2.6839e-02 
2022-09-29 00:44:06,249 INFO: [ESPCN..][epoch:  2, iter:  25,500, lr:(5.000e-04,)] [eta: 60 days, 16:54:04, time (data): 1.929 (1.908)] L1Loss: 2.8517e-02 
2022-09-29 00:48:38,031 INFO: [ESPCN..][epoch:  2, iter:  25,600, lr:(5.000e-04,)] [eta: 60 days, 15:45:40, time (data): 2.440 (2.418)] L1Loss: 2.3157e-02 
2022-09-29 00:52:18,844 INFO: [ESPCN..][epoch:  2, iter:  25,700, lr:(5.000e-04,)] [eta: 60 days, 13:45:43, time (data): 2.303 (2.281)] L1Loss: 2.5174e-02 
2022-09-29 00:56:03,192 INFO: [ESPCN..][epoch:  2, iter:  25,800, lr:(5.000e-04,)] [eta: 60 days, 11:50:15, time (data): 2.431 (2.409)] L1Loss: 2.3029e-02 
2022-09-29 00:59:55,279 INFO: [ESPCN..][epoch:  2, iter:  25,900, lr:(5.000e-04,)] [eta: 60 days, 10:03:30, time (data): 2.365 (2.345)] L1Loss: 2.5102e-02 
2022-09-29 01:04:29,860 INFO: [ESPCN..][epoch:  2, iter:  26,000, lr:(5.000e-04,)] [eta: 60 days, 9:00:25, time (data): 2.622 (2.599)] L1Loss: 3.1564e-02 
2022-09-29 01:09:38,913 INFO: [ESPCN..][epoch:  2, iter:  26,100, lr:(5.000e-04,)] [eta: 60 days, 8:32:25, time (data): 2.891 (2.868)] L1Loss: 2.3366e-02 
2022-09-29 01:14:05,500 INFO: [ESPCN..][epoch:  2, iter:  26,200, lr:(5.000e-04,)] [eta: 60 days, 7:22:05, time (data): 2.265 (2.242)] L1Loss: 2.2276e-02 
2022-09-29 01:19:10,795 INFO: [ESPCN..][epoch:  2, iter:  26,300, lr:(5.000e-04,)] [eta: 60 days, 6:50:51, time (data): 2.719 (2.696)] L1Loss: 2.4427e-02 
2022-09-29 01:24:18,975 INFO: [ESPCN..][epoch:  2, iter:  26,400, lr:(5.000e-04,)] [eta: 60 days, 6:22:41, time (data): 2.718 (2.698)] L1Loss: 3.0553e-02 
2022-09-29 01:29:45,371 INFO: [ESPCN..][epoch:  2, iter:  26,500, lr:(5.000e-04,)] [eta: 60 days, 6:12:43, time (data): 3.040 (3.020)] L1Loss: 2.6607e-02 
2022-09-29 01:35:13,232 INFO: [ESPCN..][epoch:  2, iter:  26,600, lr:(5.000e-04,)] [eta: 60 days, 6:04:14, time (data): 3.343 (3.324)] L1Loss: 2.5457e-02 
2022-09-29 01:40:49,739 INFO: [ESPCN..][epoch:  2, iter:  26,700, lr:(5.000e-04,)] [eta: 60 days, 6:04:16, time (data): 3.353 (3.334)] L1Loss: 2.6554e-02 
2022-09-29 01:46:00,450 INFO: [ESPCN..][epoch:  2, iter:  26,800, lr:(5.000e-04,)] [eta: 60 days, 5:39:00, time (data): 3.560 (3.541)] L1Loss: 2.6564e-02 
2022-09-29 01:51:02,848 INFO: [ESPCN..][epoch:  2, iter:  26,900, lr:(5.000e-04,)] [eta: 60 days, 5:05:48, time (data): 3.234 (3.214)] L1Loss: 2.6886e-02 
2022-09-29 01:55:29,315 INFO: [ESPCN..][epoch:  2, iter:  27,000, lr:(5.000e-04,)] [eta: 60 days, 3:57:55, time (data): 3.034 (3.012)] L1Loss: 2.5269e-02 
2022-09-29 01:59:40,868 INFO: [ESPCN..][epoch:  2, iter:  27,100, lr:(5.000e-04,)] [eta: 60 days, 2:36:04, time (data): 2.713 (2.691)] L1Loss: 2.1976e-02 
2022-09-29 02:04:58,476 INFO: [ESPCN..][epoch:  2, iter:  27,200, lr:(5.000e-04,)] [eta: 60 days, 2:18:27, time (data): 3.129 (3.107)] L1Loss: 1.7952e-02 
2022-09-29 02:09:44,778 INFO: [ESPCN..][epoch:  2, iter:  27,300, lr:(5.000e-04,)] [eta: 60 days, 1:30:52, time (data): 2.962 (2.941)] L1Loss: 2.8877e-02 
2022-09-29 02:15:02,233 INFO: [ESPCN..][epoch:  2, iter:  27,400, lr:(5.000e-04,)] [eta: 60 days, 1:13:24, time (data): 3.167 (3.148)] L1Loss: 3.0035e-02 
2022-09-29 02:19:11,105 INFO: [ESPCN..][epoch:  2, iter:  27,500, lr:(5.000e-04,)] [eta: 59 days, 23:50:39, time (data): 2.750 (2.730)] L1Loss: 2.2087e-02 
2022-09-29 02:23:23,403 INFO: [ESPCN..][epoch:  2, iter:  27,600, lr:(5.000e-04,)] [eta: 59 days, 22:31:44, time (data): 2.545 (2.523)] L1Loss: 2.2799e-02 
2022-09-29 02:27:53,766 INFO: [ESPCN..][epoch:  2, iter:  27,700, lr:(5.000e-04,)] [eta: 59 days, 21:30:27, time (data): 2.639 (2.618)] L1Loss: 2.0304e-02 
2022-09-29 02:31:52,994 INFO: [ESPCN..][epoch:  2, iter:  27,800, lr:(5.000e-04,)] [eta: 59 days, 20:00:13, time (data): 2.553 (2.534)] L1Loss: 2.7325e-02 
2022-09-29 02:36:01,681 INFO: [ESPCN..][epoch:  2, iter:  27,900, lr:(5.000e-04,)] [eta: 59 days, 18:39:29, time (data): 2.507 (2.488)] L1Loss: 2.2799e-02 
2022-09-29 02:40:44,956 INFO: [ESPCN..][epoch:  2, iter:  28,000, lr:(5.000e-04,)] [eta: 59 days, 17:51:40, time (data): 2.599 (2.579)] L1Loss: 2.3629e-02 
2022-09-29 02:44:34,262 INFO: [ESPCN..][epoch:  2, iter:  28,100, lr:(5.000e-04,)] [eta: 59 days, 16:13:51, time (data): 2.403 (2.383)] L1Loss: 2.8436e-02 
2022-09-29 02:48:47,552 INFO: [ESPCN..][epoch:  2, iter:  28,200, lr:(5.000e-04,)] [eta: 59 days, 14:58:58, time (data): 2.593 (2.574)] L1Loss: 2.5794e-02 
2022-09-29 02:53:00,381 INFO: [ESPCN..][epoch:  2, iter:  28,300, lr:(5.000e-04,)] [eta: 59 days, 13:44:10, time (data): 2.547 (2.527)] L1Loss: 2.6997e-02 
2022-09-29 02:57:11,759 INFO: [ESPCN..][epoch:  2, iter:  28,400, lr:(5.000e-04,)] [eta: 59 days, 12:28:31, time (data): 2.412 (2.392)] L1Loss: 1.7471e-02 
2022-09-29 03:01:41,434 INFO: [ESPCN..][epoch:  2, iter:  28,500, lr:(5.000e-04,)] [eta: 59 days, 11:30:11, time (data): 2.587 (2.567)] L1Loss: 2.6125e-02 
2022-09-29 03:05:53,638 INFO: [ESPCN..][epoch:  2, iter:  28,600, lr:(5.000e-04,)] [eta: 59 days, 10:16:14, time (data): 2.527 (2.506)] L1Loss: 2.5700e-02 
2022-09-29 03:10:23,237 INFO: [ESPCN..][epoch:  2, iter:  28,700, lr:(5.000e-04,)] [eta: 59 days, 9:18:38, time (data): 2.628 (2.609)] L1Loss: 2.9266e-02 
2022-09-29 03:14:53,177 INFO: [ESPCN..][epoch:  2, iter:  28,800, lr:(5.000e-04,)] [eta: 59 days, 8:21:43, time (data): 2.901 (2.883)] L1Loss: 2.2731e-02 
2022-09-29 03:19:10,143 INFO: [ESPCN..][epoch:  2, iter:  28,900, lr:(5.000e-04,)] [eta: 59 days, 7:13:25, time (data): 2.684 (2.665)] L1Loss: 2.9063e-02 
2022-09-29 03:23:55,531 INFO: [ESPCN..][epoch:  2, iter:  29,000, lr:(5.000e-04,)] [eta: 59 days, 6:31:12, time (data): 2.296 (2.274)] L1Loss: 2.2829e-02 
2022-09-29 03:28:42,059 INFO: [ESPCN..][epoch:  2, iter:  29,100, lr:(5.000e-04,)] [eta: 59 days, 5:50:17, time (data): 2.660 (2.641)] L1Loss: 2.3305e-02 
2022-09-29 03:32:53,386 INFO: [ESPCN..][epoch:  2, iter:  29,200, lr:(5.000e-04,)] [eta: 59 days, 4:38:03, time (data): 2.919 (2.898)] L1Loss: 2.4900e-02 
2022-09-29 03:37:03,532 INFO: [ESPCN..][epoch:  2, iter:  29,300, lr:(5.000e-04,)] [eta: 59 days, 3:25:13, time (data): 2.644 (2.624)] L1Loss: 2.9386e-02 
2022-09-29 03:41:22,274 INFO: [ESPCN..][epoch:  2, iter:  29,400, lr:(5.000e-04,)] [eta: 59 days, 2:20:31, time (data): 2.337 (2.315)] L1Loss: 2.4313e-02 
2022-09-29 03:45:50,506 INFO: [ESPCN..][epoch:  2, iter:  29,500, lr:(5.000e-04,)] [eta: 59 days, 1:24:38, time (data): 2.555 (2.535)] L1Loss: 2.9949e-02 
2022-09-29 03:50:18,065 INFO: [ESPCN..][epoch:  2, iter:  29,600, lr:(5.000e-04,)] [eta: 59 days, 0:28:31, time (data): 2.558 (2.538)] L1Loss: 2.4427e-02 
2022-09-29 03:54:21,974 INFO: [ESPCN..][epoch:  2, iter:  29,700, lr:(5.000e-04,)] [eta: 58 days, 23:11:54, time (data): 2.474 (2.453)] L1Loss: 2.6415e-02 
2022-09-29 03:59:09,992 INFO: [ESPCN..][epoch:  2, iter:  29,800, lr:(5.000e-04,)] [eta: 58 days, 22:34:30, time (data): 2.938 (2.917)] L1Loss: 2.8682e-02 
2022-09-29 04:04:06,788 INFO: [ESPCN..][epoch:  2, iter:  29,900, lr:(5.000e-04,)] [eta: 58 days, 22:05:01, time (data): 2.952 (2.931)] L1Loss: 2.3313e-02 
2022-09-29 04:08:18,779 INFO: [ESPCN..][epoch:  2, iter:  30,000, lr:(5.000e-04,)] [eta: 58 days, 20:56:36, time (data): 2.236 (2.214)] L1Loss: 2.2866e-02 
2022-09-29 04:08:19,696 INFO: Saving models and training states.
2022-09-29 04:08:27,535 INFO: Validation [epoch 30000] Set5
	 # psnr: 31.6833	Best: 31.6833 @ 30000 iter
	 # ssim: 0.8917	Best: 0.8917 @ 30000 iter

2022-09-29 04:12:49,285 INFO: [ESPCN..][epoch:  2, iter:  30,100, lr:(5.000e-04,)] [eta: 58 days, 20:04:43, time (data): 2.489 (2.469)] L1Loss: 2.5510e-02 
2022-09-29 04:17:16,695 INFO: [ESPCN..][epoch:  2, iter:  30,200, lr:(5.000e-04,)] [eta: 58 days, 19:10:28, time (data): 3.016 (2.996)] L1Loss: 2.8661e-02 
2022-09-29 04:21:25,339 INFO: [ESPCN..][epoch:  2, iter:  30,300, lr:(5.000e-04,)] [eta: 58 days, 18:00:20, time (data): 2.658 (2.639)] L1Loss: 2.5875e-02 
2022-09-29 04:26:13,975 INFO: [ESPCN..][epoch:  2, iter:  30,400, lr:(5.000e-04,)] [eta: 58 days, 17:25:03, time (data): 2.251 (2.234)] L1Loss: 2.3580e-02 
2022-09-29 04:31:06,953 INFO: [ESPCN..][epoch:  2, iter:  30,500, lr:(5.000e-04,)] [eta: 58 days, 16:53:41, time (data): 2.700 (2.679)] L1Loss: 2.7429e-02 
2022-09-29 04:36:13,465 INFO: [ESPCN..][epoch:  3, iter:  30,600, lr:(5.000e-04,)] [eta: 58 days, 16:34:04, time (data): 4.016 (3.994)] L1Loss: 2.5498e-02 
2022-09-29 04:40:43,690 INFO: [ESPCN..][epoch:  3, iter:  30,700, lr:(5.000e-04,)] [eta: 58 days, 15:43:38, time (data): 3.123 (3.102)] L1Loss: 2.8033e-02 
2022-09-29 04:45:26,829 INFO: [ESPCN..][epoch:  3, iter:  30,800, lr:(5.000e-04,)] [eta: 58 days, 15:04:28, time (data): 2.762 (2.742)] L1Loss: 2.8219e-02 
2022-09-29 04:49:11,995 INFO: [ESPCN..][epoch:  3, iter:  30,900, lr:(5.000e-04,)] [eta: 58 days, 13:36:27, time (data): 2.409 (2.388)] L1Loss: 1.9596e-02 
2022-09-29 04:53:45,382 INFO: [ESPCN..][epoch:  3, iter:  31,000, lr:(5.000e-04,)] [eta: 58 days, 12:49:39, time (data): 2.815 (2.797)] L1Loss: 2.5169e-02 
2022-09-29 04:57:48,846 INFO: [ESPCN..][epoch:  3, iter:  31,100, lr:(5.000e-04,)] [eta: 58 days, 11:37:58, time (data): 2.548 (2.528)] L1Loss: 2.5015e-02 
2022-09-29 05:02:19,172 INFO: [ESPCN..][epoch:  3, iter:  31,200, lr:(5.000e-04,)] [eta: 58 days, 10:49:14, time (data): 2.356 (2.335)] L1Loss: 2.2563e-02 
2022-09-29 05:06:15,317 INFO: [ESPCN..][epoch:  3, iter:  31,300, lr:(5.000e-04,)] [eta: 58 days, 9:32:14, time (data): 2.357 (2.336)] L1Loss: 2.0440e-02 
2022-09-29 05:10:14,876 INFO: [ESPCN..][epoch:  3, iter:  31,400, lr:(5.000e-04,)] [eta: 58 days, 8:18:32, time (data): 2.194 (2.172)] L1Loss: 1.7262e-02 
2022-09-29 05:15:04,122 INFO: [ESPCN..][epoch:  3, iter:  31,500, lr:(5.000e-04,)] [eta: 58 days, 7:46:31, time (data): 2.673 (2.654)] L1Loss: 2.4924e-02 
2022-09-29 05:19:28,517 INFO: [ESPCN..][epoch:  3, iter:  31,600, lr:(5.000e-04,)] [eta: 58 days, 6:54:07, time (data): 3.026 (3.004)] L1Loss: 2.0991e-02 
2022-09-29 05:23:54,917 INFO: [ESPCN..][epoch:  3, iter:  31,700, lr:(5.000e-04,)] [eta: 58 days, 6:03:40, time (data): 2.765 (2.746)] L1Loss: 2.8483e-02 
2022-09-29 05:28:17,829 INFO: [ESPCN..][epoch:  3, iter:  31,800, lr:(5.000e-04,)] [eta: 58 days, 5:10:38, time (data): 3.435 (3.415)] L1Loss: 2.1606e-02 
2022-09-29 05:32:22,598 INFO: [ESPCN..][epoch:  3, iter:  31,900, lr:(5.000e-04,)] [eta: 58 days, 4:03:03, time (data): 2.733 (2.714)] L1Loss: 2.7955e-02 
2022-09-29 05:37:04,575 INFO: [ESPCN..][epoch:  3, iter:  32,000, lr:(5.000e-04,)] [eta: 58 days, 3:26:15, time (data): 3.064 (3.045)] L1Loss: 2.6776e-02 
2022-09-29 05:41:00,622 INFO: [ESPCN..][epoch:  3, iter:  32,100, lr:(5.000e-04,)] [eta: 58 days, 2:12:15, time (data): 2.558 (2.538)] L1Loss: 2.5831e-02 
2022-09-29 05:45:06,739 INFO: [ESPCN..][epoch:  3, iter:  32,200, lr:(5.000e-04,)] [eta: 58 days, 1:06:52, time (data): 2.361 (2.340)] L1Loss: 2.1777e-02 
2022-09-29 05:49:37,498 INFO: [ESPCN..][epoch:  3, iter:  32,300, lr:(5.000e-04,)] [eta: 58 days, 0:21:48, time (data): 2.601 (2.579)] L1Loss: 2.3210e-02 
2022-09-29 05:54:13,939 INFO: [ESPCN..][epoch:  3, iter:  32,400, lr:(5.000e-04,)] [eta: 57 days, 23:41:33, time (data): 2.430 (2.410)] L1Loss: 2.7511e-02 
2022-09-29 05:59:01,728 INFO: [ESPCN..][epoch:  3, iter:  32,500, lr:(5.000e-04,)] [eta: 57 days, 23:10:39, time (data): 2.745 (2.727)] L1Loss: 1.9753e-02 
2022-09-29 06:03:57,166 INFO: [ESPCN..][epoch:  3, iter:  32,600, lr:(5.000e-04,)] [eta: 57 days, 22:46:03, time (data): 3.007 (2.985)] L1Loss: 1.8837e-02 
2022-09-29 06:08:38,808 INFO: [ESPCN..][epoch:  3, iter:  32,700, lr:(5.000e-04,)] [eta: 57 days, 22:10:32, time (data): 2.863 (2.842)] L1Loss: 2.2476e-02 
2022-09-29 06:13:02,529 INFO: [ESPCN..][epoch:  3, iter:  32,800, lr:(5.000e-04,)] [eta: 57 days, 21:20:57, time (data): 2.921 (2.900)] L1Loss: 3.0962e-02 
2022-09-29 06:18:12,979 INFO: [ESPCN..][epoch:  3, iter:  32,900, lr:(5.000e-04,)] [eta: 57 days, 21:08:43, time (data): 3.048 (3.027)] L1Loss: 2.4619e-02 
2022-09-29 06:22:50,741 INFO: [ESPCN..][epoch:  3, iter:  33,000, lr:(5.000e-04,)] [eta: 57 days, 20:30:40, time (data): 2.858 (2.839)] L1Loss: 2.4468e-02 
2022-09-29 06:27:16,748 INFO: [ESPCN..][epoch:  3, iter:  33,100, lr:(5.000e-04,)] [eta: 57 days, 19:43:33, time (data): 2.710 (2.691)] L1Loss: 2.3535e-02 
2022-09-29 06:32:30,275 INFO: [ESPCN..][epoch:  3, iter:  33,200, lr:(5.000e-04,)] [eta: 57 days, 19:34:04, time (data): 2.902 (2.883)] L1Loss: 3.0466e-02 
2022-09-29 06:37:53,069 INFO: [ESPCN..][epoch:  3, iter:  33,300, lr:(5.000e-04,)] [eta: 57 days, 19:31:52, time (data): 3.140 (3.120)] L1Loss: 2.5502e-02 
2022-09-29 06:43:22,957 INFO: [ESPCN..][epoch:  3, iter:  33,400, lr:(5.000e-04,)] [eta: 57 days, 19:35:12, time (data): 3.523 (3.503)] L1Loss: 2.2618e-02 
2022-09-29 06:48:55,056 INFO: [ESPCN..][epoch:  3, iter:  33,500, lr:(5.000e-04,)] [eta: 57 days, 19:40:12, time (data): 3.366 (3.345)] L1Loss: 2.9444e-02 
2022-09-29 06:54:00,369 INFO: [ESPCN..][epoch:  3, iter:  33,600, lr:(5.000e-04,)] [eta: 57 days, 19:24:19, time (data): 3.205 (3.184)] L1Loss: 2.4134e-02 
2022-09-29 06:58:52,573 INFO: [ESPCN..][epoch:  3, iter:  33,700, lr:(5.000e-04,)] [eta: 57 days, 18:58:22, time (data): 2.987 (2.966)] L1Loss: 2.2774e-02 
2022-09-29 07:04:17,344 INFO: [ESPCN..][epoch:  3, iter:  33,800, lr:(5.000e-04,)] [eta: 57 days, 18:57:40, time (data): 3.019 (2.999)] L1Loss: 2.3888e-02 
2022-09-29 07:08:54,151 INFO: [ESPCN..][epoch:  3, iter:  33,900, lr:(5.000e-04,)] [eta: 57 days, 18:20:01, time (data): 2.827 (2.808)] L1Loss: 2.1280e-02 
2022-09-29 07:12:56,006 INFO: [ESPCN..][epoch:  3, iter:  34,000, lr:(5.000e-04,)] [eta: 57 days, 17:15:45, time (data): 1.940 (1.916)] L1Loss: 2.3485e-02 
2022-09-29 07:17:26,762 INFO: [ESPCN..][epoch:  3, iter:  34,100, lr:(5.000e-04,)] [eta: 57 days, 16:33:56, time (data): 2.519 (2.499)] L1Loss: 3.0034e-02 
2022-09-29 07:21:45,407 INFO: [ESPCN..][epoch:  3, iter:  34,200, lr:(5.000e-04,)] [eta: 57 days, 15:43:06, time (data): 2.255 (2.235)] L1Loss: 2.6903e-02 
2022-09-29 07:26:29,253 INFO: [ESPCN..][epoch:  3, iter:  34,300, lr:(5.000e-04,)] [eta: 57 days, 15:11:43, time (data): 2.702 (2.683)] L1Loss: 2.8724e-02 
2022-09-29 07:31:12,388 INFO: [ESPCN..][epoch:  3, iter:  34,400, lr:(5.000e-04,)] [eta: 57 days, 14:39:56, time (data): 2.577 (2.555)] L1Loss: 2.4881e-02 
2022-09-29 07:35:33,474 INFO: [ESPCN..][epoch:  3, iter:  34,500, lr:(5.000e-04,)] [eta: 57 days, 13:51:39, time (data): 2.600 (2.580)] L1Loss: 2.5950e-02 
2022-09-29 07:40:05,758 INFO: [ESPCN..][epoch:  3, iter:  34,600, lr:(5.000e-04,)] [eta: 57 days, 13:12:03, time (data): 2.550 (2.533)] L1Loss: 2.4510e-02 
2022-09-29 07:44:48,162 INFO: [ESPCN..][epoch:  3, iter:  34,700, lr:(5.000e-04,)] [eta: 57 days, 12:40:16, time (data): 2.757 (2.739)] L1Loss: 2.6839e-02 
2022-09-29 07:48:35,571 INFO: [ESPCN..][epoch:  3, iter:  34,800, lr:(5.000e-04,)] [eta: 57 days, 11:27:25, time (data): 1.971 (1.951)] L1Loss: 2.1585e-02 
2022-09-29 07:53:19,818 INFO: [ESPCN..][epoch:  3, iter:  34,900, lr:(5.000e-04,)] [eta: 57 days, 10:57:26, time (data): 2.650 (2.631)] L1Loss: 2.0463e-02 
2022-09-29 07:58:18,586 INFO: [ESPCN..][epoch:  3, iter:  35,000, lr:(5.000e-04,)] [eta: 57 days, 10:38:26, time (data): 4.003 (3.983)] L1Loss: 2.2589e-02 
2022-09-29 07:58:18,924 INFO: Saving models and training states.
2022-09-29 07:58:27,511 INFO: Validation [epoch 35000] Set5
	 # psnr: 31.7711	Best: 31.7711 @ 35000 iter
	 # ssim: 0.8933	Best: 0.8933 @ 35000 iter

2022-09-29 08:03:13,308 INFO: [ESPCN..][epoch:  3, iter:  35,100, lr:(5.000e-04,)] [eta: 57 days, 10:16:29, time (data): 3.094 (3.072)] L1Loss: 2.1919e-02 
2022-09-29 08:07:44,020 INFO: [ESPCN..][epoch:  3, iter:  35,200, lr:(5.000e-04,)] [eta: 57 days, 9:36:52, time (data): 3.103 (3.078)] L1Loss: 2.9470e-02 
2022-09-29 08:11:59,582 INFO: [ESPCN..][epoch:  3, iter:  35,300, lr:(5.000e-04,)] [eta: 57 days, 8:46:14, time (data): 2.664 (2.642)] L1Loss: 2.7147e-02 
2022-09-29 08:17:28,742 INFO: [ESPCN..][epoch:  3, iter:  35,400, lr:(5.000e-04,)] [eta: 57 days, 8:50:06, time (data): 3.248 (3.227)] L1Loss: 2.8983e-02 
2022-09-29 08:22:18,651 INFO: [ESPCN..][epoch:  3, iter:  35,500, lr:(5.000e-04,)] [eta: 57 days, 8:25:04, time (data): 2.960 (2.939)] L1Loss: 2.7474e-02 
2022-09-29 08:26:25,860 INFO: [ESPCN..][epoch:  3, iter:  35,600, lr:(5.000e-04,)] [eta: 57 days, 7:28:52, time (data): 2.108 (2.087)] L1Loss: 2.5732e-02 
2022-09-29 08:31:10,890 INFO: [ESPCN..][epoch:  3, iter:  35,700, lr:(5.000e-04,)] [eta: 57 days, 7:00:36, time (data): 2.704 (2.682)] L1Loss: 1.8308e-02 
2022-09-29 08:35:27,604 INFO: [ESPCN..][epoch:  3, iter:  35,800, lr:(5.000e-04,)] [eta: 57 days, 6:11:50, time (data): 2.767 (2.745)] L1Loss: 2.2951e-02 
2022-09-29 08:40:22,823 INFO: [ESPCN..][epoch:  3, iter:  35,900, lr:(5.000e-04,)] [eta: 57 days, 5:51:17, time (data): 2.913 (2.892)] L1Loss: 2.1974e-02 
2022-09-29 08:45:07,654 INFO: [ESPCN..][epoch:  3, iter:  36,000, lr:(5.000e-04,)] [eta: 57 days, 5:23:17, time (data): 3.642 (3.620)] L1Loss: 2.7788e-02 
2022-09-29 08:50:04,847 INFO: [ESPCN..][epoch:  3, iter:  36,100, lr:(5.000e-04,)] [eta: 57 days, 5:04:21, time (data): 3.087 (3.066)] L1Loss: 2.3833e-02 
2022-09-29 08:54:30,853 INFO: [ESPCN..][epoch:  3, iter:  36,200, lr:(5.000e-04,)] [eta: 57 days, 4:23:02, time (data): 2.568 (2.545)] L1Loss: 2.4154e-02 
2022-09-29 08:59:12,848 INFO: [ESPCN..][epoch:  3, iter:  36,300, lr:(5.000e-04,)] [eta: 57 days, 3:53:24, time (data): 2.771 (2.750)] L1Loss: 2.7187e-02 
2022-09-29 09:04:43,645 INFO: [ESPCN..][epoch:  3, iter:  36,400, lr:(5.000e-04,)] [eta: 57 days, 3:58:51, time (data): 3.465 (3.445)] L1Loss: 2.1798e-02 
2022-09-29 09:08:40,566 INFO: [ESPCN..][epoch:  3, iter:  36,500, lr:(5.000e-04,)] [eta: 57 days, 2:57:12, time (data): 2.537 (2.516)] L1Loss: 2.4146e-02 
2022-09-29 09:13:43,225 INFO: [ESPCN..][epoch:  3, iter:  36,600, lr:(5.000e-04,)] [eta: 57 days, 2:42:41, time (data): 2.001 (1.981)] L1Loss: 2.1833e-02 
2022-09-29 09:18:27,209 INFO: [ESPCN..][epoch:  3, iter:  36,700, lr:(5.000e-04,)] [eta: 57 days, 2:14:58, time (data): 2.707 (2.686)] L1Loss: 2.3571e-02 
2022-09-29 09:22:59,969 INFO: [ESPCN..][epoch:  3, iter:  36,800, lr:(5.000e-04,)] [eta: 57 days, 1:39:25, time (data): 4.625 (4.604)] L1Loss: 2.8899e-02 
2022-09-29 09:27:34,141 INFO: [ESPCN..][epoch:  3, iter:  36,900, lr:(5.000e-04,)] [eta: 57 days, 1:05:02, time (data): 3.007 (2.986)] L1Loss: 2.6196e-02 
2022-09-29 09:32:06,446 INFO: [ESPCN..][epoch:  3, iter:  37,000, lr:(5.000e-04,)] [eta: 57 days, 0:29:30, time (data): 2.509 (2.489)] L1Loss: 2.6343e-02 
2022-09-29 09:35:25,946 INFO: [ESPCN..][epoch:  3, iter:  37,100, lr:(5.000e-04,)] [eta: 56 days, 23:03:00, time (data): 2.063 (2.042)] L1Loss: 1.8280e-02 
2022-09-29 09:38:44,619 INFO: [ESPCN..][epoch:  3, iter:  37,200, lr:(5.000e-04,)] [eta: 56 days, 21:36:23, time (data): 1.934 (1.915)] L1Loss: 2.9546e-02 
2022-09-29 09:43:16,390 INFO: [ESPCN..][epoch:  3, iter:  37,300, lr:(5.000e-04,)] [eta: 56 days, 21:01:16, time (data): 2.607 (2.587)] L1Loss: 2.7024e-02 
2022-09-29 09:46:36,768 INFO: [ESPCN..][epoch:  3, iter:  37,400, lr:(5.000e-04,)] [eta: 56 days, 19:36:35, time (data): 1.732 (1.716)] L1Loss: 1.8883e-02 
2022-09-29 09:51:27,714 INFO: [ESPCN..][epoch:  3, iter:  37,500, lr:(5.000e-04,)] [eta: 56 days, 19:15:14, time (data): 2.760 (2.740)] L1Loss: 2.3553e-02 
2022-09-29 09:55:32,299 INFO: [ESPCN..][epoch:  3, iter:  37,600, lr:(5.000e-04,)] [eta: 56 days, 18:21:51, time (data): 2.497 (2.484)] L1Loss: 2.9311e-02 
2022-09-29 10:00:28,624 INFO: [ESPCN..][epoch:  3, iter:  37,700, lr:(5.000e-04,)] [eta: 56 days, 18:04:29, time (data): 2.902 (2.882)] L1Loss: 1.9162e-02 
2022-09-29 10:04:55,230 INFO: [ESPCN..][epoch:  3, iter:  37,800, lr:(5.000e-04,)] [eta: 56 days, 17:26:42, time (data): 2.266 (2.244)] L1Loss: 2.4361e-02 
2022-09-29 10:09:35,726 INFO: [ESPCN..][epoch:  3, iter:  37,900, lr:(5.000e-04,)] [eta: 56 days, 16:58:38, time (data): 2.739 (2.718)] L1Loss: 2.0059e-02 
2022-09-29 10:14:15,225 INFO: [ESPCN..][epoch:  3, iter:  38,000, lr:(5.000e-04,)] [eta: 56 days, 16:30:01, time (data): 2.516 (2.492)] L1Loss: 2.7562e-02 
